<?xml version="1.0" encoding="UTF-8"?>
<testng-results ignored="0" total="1" passed="1" failed="0" skipped="0">
  <reporter-output>
  </reporter-output>
  <suite started-at="2024-05-16T14:45:13 IST" name="Default suite" finished-at="2024-05-16T14:45:21 IST" duration-ms="8197">
    <groups>
    </groups>
    <test started-at="2024-05-16T14:45:13 IST" name="Default test" finished-at="2024-05-16T14:45:21 IST" duration-ms="8197">
      <class name="Aaseya.json.OAuth">
        <test-method signature="OAuthTest()[pri:0, instance:Aaseya.json.OAuth@49ec71f8]" started-at="2024-05-16T14:45:13 IST" name="OAuthTest" finished-at="2024-05-16T14:45:21 IST" duration-ms="8115" status="PASS">
          <reporter-output>
          </reporter-output>
        </test-method> <!-- OAuthTest -->
      </class> <!-- Aaseya.json.OAuth -->
    </test> <!-- Default test -->
  </suite> <!-- Default suite -->
</testng-results>
